[2012-08-12 03:05:22] myapp.INFO: > GET / [] []
[2012-08-12 03:05:23] myapp.INFO: > GET /favicon.ico [] []
[2012-08-12 03:05:23] myapp.ERROR: No route found for "GET /favicon.ico" [] []
[2012-08-12 03:05:23] myapp.INFO: < 404 [] []
[2012-08-12 03:06:37] myapp.INFO: > GET / [] []
[2012-08-12 03:06:37] myapp.INFO: < 200 [] []
[2012-08-12 03:06:38] myapp.INFO: > GET /favicon.ico [] []
[2012-08-12 03:06:38] myapp.ERROR: No route found for "GET /favicon.ico" [] []
[2012-08-12 03:06:38] myapp.INFO: < 404 [] []
[2012-08-12 03:06:41] myapp.INFO: > GET /project/show/1 [] []
[2012-08-12 03:06:41] myapp.ERROR: Identifier "projects" is not defined. [] []
[2012-08-12 03:06:41] myapp.INFO: < 500 [] []
[2012-08-12 03:06:42] myapp.INFO: > GET /favicon.ico [] []
[2012-08-12 03:06:42] myapp.ERROR: No route found for "GET /favicon.ico" [] []
[2012-08-12 03:06:42] myapp.INFO: < 404 [] []
[2012-08-12 03:06:52] myapp.INFO: > GET /favicon.ico [] []
[2012-08-12 03:06:52] myapp.ERROR: No route found for "GET /favicon.ico" [] []
[2012-08-12 03:06:52] myapp.INFO: < 404 [] []
[2012-08-12 03:06:53] myapp.INFO: > GET / [] []
[2012-08-12 03:06:53] myapp.INFO: < 200 [] []
[2012-08-12 03:06:53] myapp.INFO: > GET /favicon.ico [] []
[2012-08-12 03:06:53] myapp.ERROR: No route found for "GET /favicon.ico" [] []
[2012-08-12 03:06:53] myapp.INFO: < 404 [] []
[2012-08-12 03:06:55] myapp.INFO: > GET /project/show/1 [] []
[2012-08-12 03:06:55] myapp.ERROR: Identifier "projects" is not defined. [] []
[2012-08-12 03:06:55] myapp.INFO: < 500 [] []
[2012-08-12 03:06:56] myapp.INFO: > GET /favicon.ico [] []
[2012-08-12 03:06:56] myapp.ERROR: No route found for "GET /favicon.ico" [] []
[2012-08-12 03:06:56] myapp.INFO: < 404 [] []
[2012-08-12 03:08:09] myapp.INFO: > GET /project/show/1 [] []
[2012-08-12 03:08:09] myapp.ERROR: Class 1 does not exist [] []
[2012-08-12 03:08:09] myapp.INFO: < 500 [] []
[2012-08-12 03:08:09] myapp.INFO: > GET /favicon.ico [] []
[2012-08-12 03:08:09] myapp.ERROR: No route found for "GET /favicon.ico" [] []
[2012-08-12 03:08:09] myapp.INFO: < 404 [] []
[2012-08-12 03:08:28] myapp.INFO: > GET /project/show/1 [] []
[2012-08-12 03:08:28] myapp.ERROR: Method "tasks" for object "Silex\Application" does not exist in "project/show.html.twig" at line 11 [] []
[2012-08-12 03:08:28] myapp.INFO: < 500 [] []
[2012-08-12 03:08:29] myapp.INFO: > GET /favicon.ico [] []
[2012-08-12 03:08:29] myapp.ERROR: No route found for "GET /favicon.ico" [] []
[2012-08-12 03:08:29] myapp.INFO: < 404 [] []
[2012-08-15 20:01:19] myapp.INFO: > GET / [] []
[2012-08-15 20:01:20] myapp.INFO: < 200 [] []
[2012-08-15 20:01:22] myapp.INFO: > GET /favicon.ico [] []
[2012-08-15 20:01:22] myapp.ERROR: No route found for "GET /favicon.ico" [] []
[2012-08-15 20:01:22] myapp.INFO: < 404 [] []
[2012-08-15 20:01:26] myapp.INFO: > GET /project/show/5 [] []
[2012-08-15 20:01:26] myapp.ERROR: Unexpected token "end of statement block" of value "" ("name" expected) in "project/_content.html.twig" at line 76 [] []
[2012-08-15 20:01:26] myapp.INFO: < 500 [] []
[2012-08-15 20:01:27] myapp.INFO: > GET /favicon.ico [] []
[2012-08-15 20:01:27] myapp.ERROR: No route found for "GET /favicon.ico" [] []
[2012-08-15 20:01:27] myapp.INFO: < 404 [] []
[2012-08-15 20:01:30] myapp.INFO: > GET /favicon.ico [] []
[2012-08-15 20:01:30] myapp.ERROR: No route found for "GET /favicon.ico" [] []
[2012-08-15 20:01:30] myapp.INFO: < 404 [] []
[2012-08-15 20:01:34] myapp.INFO: < 302 [] []
[2012-08-15 20:01:34] myapp.INFO: < 302 [] []
[2012-08-15 20:01:35] myapp.INFO: > GET /login [] []
[2012-08-15 20:01:35] myapp.INFO: < 200 [] []
[2012-08-15 20:01:36] myapp.INFO: > GET /favicon.ico [] []
[2012-08-15 20:01:36] myapp.ERROR: No route found for "GET /favicon.ico" [] []
[2012-08-15 20:01:36] myapp.INFO: < 404 [] []
[2012-08-15 20:01:37] myapp.INFO: < 302 [] []
[2012-08-15 20:01:37] myapp.INFO: > GET / [] []
[2012-08-15 20:01:38] myapp.INFO: < 200 [] []
[2012-08-15 20:01:38] myapp.INFO: > GET /favicon.ico [] []
[2012-08-15 20:01:38] myapp.ERROR: No route found for "GET /favicon.ico" [] []
[2012-08-15 20:01:38] myapp.INFO: < 404 [] []
[2012-08-15 20:01:40] myapp.INFO: < 302 [] []
[2012-08-15 20:01:40] myapp.INFO: < 302 [] []
[2012-08-15 20:01:40] myapp.INFO: > GET /login [] []
[2012-08-15 20:01:40] myapp.INFO: < 200 [] []
[2012-08-15 20:01:41] myapp.INFO: > GET /favicon.ico [] []
[2012-08-15 20:01:41] myapp.ERROR: No route found for "GET /favicon.ico" [] []
[2012-08-15 20:01:41] myapp.INFO: < 404 [] []
[2012-08-15 20:41:09] myapp.INFO: > GET /login [] []
[2012-08-15 20:41:09] myapp.INFO: < 200 [] []
[2012-08-15 20:41:09] myapp.INFO: > GET /favicon.ico [] []
[2012-08-15 20:41:09] myapp.ERROR: No route found for "GET /favicon.ico" [] []
[2012-08-15 20:41:09] myapp.INFO: < 404 [] []
[2012-08-15 20:41:26] myapp.INFO: < 302 [] []
[2012-08-15 20:41:26] myapp.INFO: > GET / [] []
[2012-08-15 20:41:27] myapp.INFO: < 200 [] []
[2012-08-15 20:41:27] myapp.INFO: > GET /favicon.ico [] []
[2012-08-15 20:41:27] myapp.ERROR: No route found for "GET /favicon.ico" [] []
[2012-08-15 20:41:27] myapp.INFO: < 404 [] []
[2012-08-15 20:54:18] myapp.INFO: > GET / [] []
[2012-08-15 20:54:18] myapp.INFO: < 200 [] []
[2012-08-15 20:54:18] myapp.INFO: > GET /favicon.ico [] []
[2012-08-15 20:54:18] myapp.ERROR: No route found for "GET /favicon.ico" [] []
[2012-08-15 20:54:18] myapp.INFO: < 404 [] []
[2012-08-15 21:33:46] myapp.INFO: > GET  [] []
[2012-08-15 21:33:46] myapp.ERROR: No route found for "GET /" [] []
[2012-08-15 21:33:46] myapp.INFO: < 404 [] []
[2012-08-15 21:34:09] myapp.INFO: > GET  [] []
[2012-08-15 21:34:09] myapp.ERROR: No route found for "GET /" [] []
[2012-08-15 21:34:09] myapp.INFO: < 404 [] []
[2012-08-15 21:36:56] myapp.INFO: > GET  [] []
[2012-08-15 21:36:56] myapp.ERROR: No route found for "GET /" [] []
[2012-08-15 21:36:56] myapp.INFO: < 404 [] []
[2012-08-15 21:38:18] myapp.INFO: > GET  [] []
[2012-08-15 21:38:18] myapp.ERROR: No route found for "GET /" [] []
[2012-08-15 21:38:18] myapp.INFO: < 404 [] []
[2012-08-15 21:38:47] myapp.INFO: > GET  [] []
[2012-08-15 21:38:47] myapp.ERROR: No route found for "GET /" [] []
[2012-08-15 21:38:47] myapp.INFO: < 404 [] []
[2012-09-27 13:46:08] myapp.INFO: < 302 [] []
[2012-09-27 13:46:28] myapp.INFO: > GET /login [] []
[2012-09-27 13:46:28] myapp.INFO: < 200 [] []
[2012-09-27 15:53:34] myapp.INFO: < 302 [] []
[2012-09-27 15:53:34] myapp.INFO: > GET / [] []
[2012-09-27 15:53:34] myapp.ERROR: Access Denied [] []
[2012-09-27 15:53:34] myapp.INFO: < 403 [] []
[2012-09-27 15:53:36] myapp.INFO: > GET /favicon.ico [] []
[2012-09-27 15:53:36] myapp.ERROR: No route found for "GET /favicon.ico" [] []
[2012-09-27 15:53:36] myapp.INFO: < 404 [] []
[2012-09-27 15:54:00] myapp.INFO: > GET / [] []
[2012-09-27 15:54:00] myapp.ERROR: Access Denied [] []
[2012-09-27 15:54:00] myapp.INFO: < 403 [] []
[2012-09-27 15:54:00] myapp.INFO: > GET /favicon.ico [] []
[2012-09-27 15:54:00] myapp.ERROR: No route found for "GET /favicon.ico" [] []
[2012-09-27 15:54:00] myapp.INFO: < 404 [] []
[2012-09-27 15:55:20] myapp.INFO: > GET / [] []
[2012-09-27 15:55:20] myapp.ERROR: Access Denied [] []
[2012-09-27 15:55:20] myapp.INFO: < 403 [] []
[2012-09-27 15:55:20] myapp.INFO: > GET /favicon.ico [] []
[2012-09-27 15:55:20] myapp.ERROR: No route found for "GET /favicon.ico" [] []
[2012-09-27 15:55:20] myapp.INFO: < 404 [] []
[2012-09-27 15:56:06] myapp.INFO: > GET / [] []
[2012-09-27 15:56:06] myapp.ERROR: Access Denied [] []
[2012-09-27 15:56:06] myapp.INFO: < 403 [] []
[2012-09-27 15:56:06] myapp.INFO: > GET /favicon.ico [] []
[2012-09-27 15:56:06] myapp.ERROR: No route found for "GET /favicon.ico" [] []
[2012-09-27 15:56:06] myapp.INFO: < 404 [] []
[2012-09-27 15:56:12] myapp.INFO: < 302 [] []
[2012-09-27 15:56:12] myapp.INFO: < 302 [] []
[2012-09-27 15:56:12] myapp.INFO: > GET /login [] []
[2012-09-27 15:56:12] myapp.INFO: < 200 [] []
[2012-09-27 15:56:13] myapp.INFO: > GET /favicon.ico [] []
[2012-09-27 15:56:13] myapp.ERROR: No route found for "GET /favicon.ico" [] []
[2012-09-27 15:56:13] myapp.INFO: < 404 [] []
[2012-09-27 15:56:13] myapp.INFO: < 302 [] []
[2012-09-27 15:56:14] myapp.INFO: > GET / [] []
[2012-09-27 15:56:14] myapp.INFO: < 200 [] []
[2012-09-27 15:56:14] myapp.INFO: > GET /favicon.ico [] []
[2012-09-27 15:56:15] myapp.ERROR: No route found for "GET /favicon.ico" [] []
[2012-09-27 15:56:15] myapp.INFO: < 404 [] []
[2012-09-27 15:56:16] myapp.INFO: > GET /project/new [] []
[2012-09-27 15:56:18] myapp.INFO: < 200 [] []
[2012-09-27 15:56:19] myapp.INFO: > GET /favicon.ico [] []
[2012-09-27 15:56:19] myapp.ERROR: No route found for "GET /favicon.ico" [] []
[2012-09-27 15:56:19] myapp.INFO: < 404 [] []
[2012-09-27 15:56:20] myapp.INFO: > POST /project/new [] []
[2012-09-27 15:56:20] myapp.ERROR: Identifier "projects" is not defined. [] []
[2012-09-27 15:56:20] myapp.INFO: < 500 [] []
[2012-09-27 15:56:21] myapp.INFO: > GET /favicon.ico [] []
[2012-09-27 15:56:21] myapp.ERROR: No route found for "GET /favicon.ico" [] []
[2012-09-27 15:56:21] myapp.INFO: < 404 [] []
